0 info it worked if it ends with ok
1 verbose cli [ '/usr/local/Cellar/node/5.10.1/bin/node',
1 verbose cli   '/usr/local/bin/npm',
1 verbose cli   'publish' ]
2 info using npm@3.8.3
3 info using node@v5.10.1
4 verbose publish [ '.' ]
5 silly cache add args [ '.', null ]
6 verbose cache add spec .
7 silly cache add parsed spec Result {
7 silly cache add   raw: '.',
7 silly cache add   scope: null,
7 silly cache add   name: null,
7 silly cache add   rawSpec: '.',
7 silly cache add   spec: '/usr/local/var/www/github/generator-vf',
7 silly cache add   type: 'directory' }
8 verbose addLocalDirectory /Users/todd/.npm/generator-vf/0.0.1/package.tgz not in flight; packing
9 verbose correctMkdir /Users/todd/.npm correctMkdir not in flight; initializing
10 info lifecycle generator-vf@0.0.1~prepublish: generator-vf@0.0.1
11 silly lifecycle generator-vf@0.0.1~prepublish: no script for prepublish, continuing
12 verbose tar pack [ '/Users/todd/.npm/generator-vf/0.0.1/package.tgz',
12 verbose tar pack   '/usr/local/var/www/github/generator-vf' ]
13 verbose tarball /Users/todd/.npm/generator-vf/0.0.1/package.tgz
14 verbose folder /usr/local/var/www/github/generator-vf
15 verbose addLocalTarball adding from inside cache /Users/todd/.npm/generator-vf/0.0.1/package.tgz
16 verbose correctMkdir /Users/todd/.npm correctMkdir not in flight; initializing
17 silly cache afterAdd generator-vf@0.0.1
18 verbose afterAdd /Users/todd/.npm/generator-vf/0.0.1/package/package.json not in flight; writing
19 verbose correctMkdir /Users/todd/.npm correctMkdir not in flight; initializing
20 verbose afterAdd /Users/todd/.npm/generator-vf/0.0.1/package/package.json written
21 silly publish { name: 'generator-vf',
21 silly publish   version: '0.0.1',
21 silly publish   description: 'A Yeoman generator for Vanilla that will make your Plugin and Theme development a breeze.',
21 silly publish   license: 'MIT',
21 silly publish   main: 'app/index.js',
21 silly publish   private: true,
21 silly publish   contributors:
21 silly publish    [ { name: 'Kasper Isager',
21 silly publish        email: 'kasperisager@gmail.com',
21 silly publish        url: 'https://github.com/kasperisager' },
21 silly publish      { name: 'Becky Van Bussel',
21 silly publish        email: 'beckyvanbussel@gmail.com',
21 silly publish        url: 'https://github.com/beckyvb' } ],
21 silly publish   engines: { node: '>=0.10.0' },
21 silly publish   scripts: { test: 'istanbul cover _mocha && cat ./coverage/lcov.info | coveralls' },
21 silly publish   files: [ 'lib', 'app', 'assets' ],
21 silly publish   keywords: [ 'yeoman-generator' ],
21 silly publish   dependencies:
21 silly publish    { chalk: '^1.1.3',
21 silly publish      langmap: '0.0.x',
21 silly publish      lodash: '^4.11.0',
21 silly publish      'lodash-deep': '^1.1.0',
21 silly publish      'yeoman-generator': '^0.22.0' },
21 silly publish   devDependencies:
21 silly publish    { mocha: '*',
21 silly publish      chai: '*',
21 silly publish      underscore: '*',
21 silly publish      istanbul: '*',
21 silly publish      coveralls: '*',
21 silly publish      'mocha-lcov-reporter': '*' },
21 silly publish   readme: '# generator-vf\n\nA [Yeoman](http://yeoman.io) generator for Vanilla that will make your Application, Plugin, and Theme development a breeze\n\n\n## Getting Started\n\n### What is Yeoman?\n\nTrick question. It\'s not a thing. It\'s this guy:\n\n![](http://i.imgur.com/JHaAlBJ.png)\n\nBasically, he wears a top hat, lives in your computer, and waits for you to tell him what kind of application you wish to create.\n\nNot every new computer comes with a Yeoman pre-installed. He lives in the [npm](https://npmjs.org) package repository. You only have to ask for him once, then he packs up and moves into your hard drive. *Make sure you clean up, he likes new and shiny things.*\n\n```sh\n$ npm install -g yo\n```\n\n### Yeoman Generators\n\nYeoman travels light. He didn\'t pack any generators when he moved in. You can think of a generator like a plug-in. You get to choose what type of application you wish to create, such as a Backbone application or even a Chrome extension.\n\nTo install generator-vanilla from npm, run:\n\n```sh\n$ npm install -g generator-vanilla\n```\n\nFinally, initiate the generator:\n\n```sh\n$ yo vanilla\n```\n\n### Getting To Know Yeoman\n\nYeoman has a heart of gold. He\'s a person with feelings and opinions, but he\'s very easy to work with. If you think he\'s too opinionated, he can be easily convinced.\n\nIf you\'d like to get to know Yeoman better and meet some of his friends, [Grunt](http://gruntjs.com) and [Bower](http://bower.io), check out the complete [Getting Started Guide](https://github.com/yeoman/yeoman/wiki/Getting-Started).\n\n\n---\n\nCopyright &copy; 2014 [Kasper Kronborg Isager](http://kasperisager.github.io). Licensed under the terms of the [MIT License](LICENSE.md)\n',
21 silly publish   readmeFilename: 'README.md',
21 silly publish   gitHead: 'eda71c2ca4f03039b13505df79e311623c1eefee',
21 silly publish   _id: 'generator-vf@0.0.1',
21 silly publish   _shasum: '5bb939ae1f18fef43593d85d66d9a70c7e438d5f',
21 silly publish   _from: '.' }
22 verbose getPublishConfig undefined
23 verbose stack Error: This package has been marked as private
23 verbose stack Remove the 'private' field from the package.json to publish it.
23 verbose stack     at publish_ (/usr/local/lib/node_modules/npm/lib/publish.js:100:15)
23 verbose stack     at Array.<anonymous> (/usr/local/lib/node_modules/npm/node_modules/slide/lib/bind-actor.js:15:8)
23 verbose stack     at LOOP (/usr/local/lib/node_modules/npm/node_modules/slide/lib/chain.js:15:14)
23 verbose stack     at LOOP (/usr/local/lib/node_modules/npm/node_modules/slide/lib/chain.js:14:28)
23 verbose stack     at chain (/usr/local/lib/node_modules/npm/node_modules/slide/lib/chain.js:20:5)
23 verbose stack     at /usr/local/lib/node_modules/npm/lib/publish.js:72:5
23 verbose stack     at RES (/usr/local/lib/node_modules/npm/node_modules/inflight/inflight.js:23:14)
23 verbose stack     at f (/usr/local/lib/node_modules/npm/node_modules/once/once.js:17:25)
23 verbose stack     at /usr/local/lib/node_modules/npm/lib/cache.js:362:16
23 verbose stack     at /usr/local/lib/node_modules/npm/node_modules/write-file-atomic/index.js:29:9
24 verbose cwd /usr/local/var/www/github/generator-vf
25 error Darwin 15.4.0
26 error argv "/usr/local/Cellar/node/5.10.1/bin/node" "/usr/local/bin/npm" "publish"
27 error node v5.10.1
28 error npm  v3.8.3
29 error This package has been marked as private
29 error Remove the 'private' field from the package.json to publish it.
30 error If you need help, you may report this error at:
30 error     <https://github.com/npm/npm/issues>
31 verbose exit [ 1, true ]
